<?xml version="1.0" encoding="utf-8"?><testsuites name="pytest tests"><testsuite name="pytest" errors="0" failures="0" skipped="0" tests="107" time="3.811" timestamp="2026-09-07T01:27:39.055208+05:00" hostname="AcerNitro"><testcase classname="tests.test_api" name="test_full_lifecycle" time="0.715" /><testcase classname="tests.test_api" name="test_changes_and_duplicate" time="0.201" /><testcase classname="tests.test_api" name="test_batch_security_and_rules" time="0.397" /><testcase classname="tests.test_benchmark" name="test_ground_truth[1 Meeting tomorrow at 4 PM]" time="0.001" /><testcase classname="tests.test_benchmark" name="test_ground_truth[2 Meeting today at noon]" time="0.001" /><testcase classname="tests.test_benchmark" name="test_ground_truth[3 Meeting day after tomorrow at 10 AM]" time="0.001" /><testcase classname="tests.test_benchmark" name="test_ground_truth[4 Submit in three days]" time="0.001" /><testcase classname="tests.test_benchmark" name="test_ground_truth[5 Call in two weeks]" time="0.001" /><testcase classname="tests.test_benchmark" name="test_ground_truth[6 Call in one week at 11 AM]" time="0.001" /><testcase classname="tests.test_benchmark" name="test_ground_truth[7 Call in ten days]" time="0.001" /><testcase classname="tests.test_benchmark" name="test_ground_truth[8 Appointment in 30 days]" time="0.001" /><testcase classname="tests.test_benchmark" name="test_ground_truth[9 Payment in one month]" time="0.001" /><testcase classname="tests.test_benchmark" name="test_ground_truth[10 Renewal in two months]" time="0.001" /><testcase classname="tests.test_benchmark" name="test_ground_truth[11 Meeting Monday at 9 AM]" time="0.001" /><testcase classname="tests.test_benchmark" name="test_ground_truth[12 Meeting Tuesday at 10 AM]" time="0.001" /><testcase classname="tests.test_benchmark" name="test_ground_truth[13 Meeting Wednesday at 11 AM]" time="0.001" /><testcase classname="tests.test_benchmark" name="test_ground_truth[14 Meeting Thursday at 12 PM]" time="0.001" /><testcase classname="tests.test_benchmark" name="test_ground_truth[15 Meeting Friday at 1 PM]" time="0.001" /><testcase classname="tests.test_benchmark" name="test_ground_truth[16 Meeting Saturday at 2 PM]" time="0.001" /><testcase classname="tests.test_benchmark" name="test_ground_truth[17 Meeting Sunday at 3 PM]" time="0.001" /><testcase classname="tests.test_benchmark" name="test_ground_truth[18 Meeting next Monday]" time="0.001" /><testcase classname="tests.test_benchmark" name="test_ground_truth[19 Meeting next Tuesday]" time="0.001" /><testcase classname="tests.test_benchmark" name="test_ground_truth[20 Meeting next Wednesday]" time="0.001" /><testcase classname="tests.test_benchmark" name="test_ground_truth[21 Meeting next Thursday]" time="0.001" /><testcase classname="tests.test_benchmark" name="test_ground_truth[22 Meeting next Friday]" time="0.001" /><testcase classname="tests.test_benchmark" name="test_ground_truth[23 Meeting next Saturday]" time="0.001" /><testcase classname="tests.test_benchmark" name="test_ground_truth[24 Meeting next Sunday]" time="0.001" /><testcase classname="tests.test_benchmark" name="test_ground_truth[25 Exam October 3 at 11 AM]" time="0.003" /><testcase classname="tests.test_benchmark" name="test_ground_truth[26 Exam 3 October at 11 AM]" time="0.002" /><testcase classname="tests.test_benchmark" name="test_ground_truth[27 Exam 03/10/2026]" time="0.003" /><testcase classname="tests.test_benchmark" name="test_ground_truth[28 Exam 2026-10-03]" time="0.003" /><testcase classname="tests.test_benchmark" name="test_ground_truth[29 Meeting 12 Sep]" time="0.004" /><testcase classname="tests.test_benchmark" name="test_ground_truth[30 Meeting Sep 12]" time="0.004" /><testcase classname="tests.test_benchmark" name="test_ground_truth[31 Renewal December 18]" time="0.003" /><testcase classname="tests.test_benchmark" name="test_ground_truth[32 Renewal 18 December]" time="0.003" /><testcase classname="tests.test_benchmark" name="test_ground_truth[33 Meeting September 4 at midnight]" time="0.004" /><testcase classname="tests.test_benchmark" name="test_ground_truth[34 Meeting September 4 at 16:30]" time="0.004" /><testcase classname="tests.test_benchmark" name="test_ground_truth[35 Meeting September 4 at 12 AM]" time="0.003" /><testcase classname="tests.test_benchmark" name="test_ground_truth[36 Meeting September 4 at 12 PM]" time="0.004" /><testcase classname="tests.test_benchmark" name="test_ground_truth[37 Meeting September 4 at 4 PM GMT]" time="0.005" /><testcase classname="tests.test_benchmark" name="test_ground_truth[38 Meeting September 4 at 4 PM UTC]" time="0.004" /><testcase classname="tests.test_benchmark" name="test_ground_truth[39 EOD Friday]" time="0.001" /><testcase classname="tests.test_benchmark" name="test_ground_truth[40 End of day Friday]" time="0.001" /><testcase classname="tests.test_benchmark" name="test_ground_truth[41 COB Monday]" time="0.001" /><testcase classname="tests.test_benchmark" name="test_ground_truth[42 Meeting beginning of next week]" time="0.001" /><testcase classname="tests.test_benchmark" name="test_ground_truth[43 Deadline end of next month]" time="0.001" /><testcase classname="tests.test_benchmark" name="test_ground_truth[44 Deadline last working day of next month]" time="0.001" /><testcase classname="tests.test_benchmark" name="test_ground_truth[45 Meeting first business day of next month]" time="0.001" /><testcase classname="tests.test_benchmark" name="test_ground_truth[46 Meeting first Monday of next month]" time="0.001" /><testcase classname="tests.test_benchmark" name="test_ground_truth[47 Conference September 3\u20135]" time="0.004" /><testcase classname="tests.test_benchmark" name="test_ground_truth[48 Conference Monday through Wednesday]" time="0.001" /><testcase classname="tests.test_benchmark" name="test_ground_truth[49 Conference between October 1 and October 7]" time="0.005" /><testcase classname="tests.test_benchmark" name="test_ground_truth[50 Meeting every Tuesday at 9 AM]" time="0.001" /><testcase classname="tests.test_benchmark" name="test_ground_truth[51 Meeting every weekday at 9 AM]" time="0.001" /><testcase classname="tests.test_benchmark" name="test_ground_truth[52 Meeting every first Tuesday at 10 AM]" time="0.001" /><testcase classname="tests.test_benchmark" name="test_ground_truth[53 Payment monthly on the 5th]" time="0.001" /><testcase classname="tests.test_benchmark" name="test_ground_truth[54 Interview moved from Tuesday to Thursday at 4 PM]" time="0.001" /><testcase classname="tests.test_benchmark" name="test_ground_truth[55 Meeting not Monday. It is Wednesday at 2 PM]" time="0.001" /><testcase classname="tests.test_benchmark" name="test_ground_truth[56 Meeting Thursday at 4 PM instead of Tuesday]" time="0.001" /><testcase classname="tests.test_benchmark" name="test_ground_truth[57 Meeting sometime next week]" time="0.001" /><testcase classname="tests.test_benchmark" name="test_ground_truth[58 Meeting around the 15th]" time="0.001" /><testcase classname="tests.test_benchmark" name="test_ground_truth[59 Meeting Friday at 4]" time="0.001" /><testcase classname="tests.test_benchmark" name="test_ground_truth[60 EOD Friday]" time="0.001" /><testcase classname="tests.test_benchmark" name="test_ground_truth[61 COB Monday]" time="0.001" /><testcase classname="tests.test_benchmark" name="test_ground_truth[62 Meeting September 4 at 4 PM CST]" time="0.001" /><testcase classname="tests.test_benchmark" name="test_ground_truth[63 The meeting is not on Monday]" time="0.001" /><testcase classname="tests.test_benchmark" name="test_ground_truth[64 Meeting every month]" time="0.001" /><testcase classname="tests.test_benchmark" name="test_ground_truth[65 Meeting next month]" time="0.001" /><testcase classname="tests.test_benchmark" name="test_ground_truth[66 Submit 03/04/2026]" time="0.004" /><testcase classname="tests.test_benchmark" name="test_ground_truth[67 Submit 03/04/2026]" time="0.002" /><testcase classname="tests.test_benchmark" name="test_ground_truth[68 Submit October 12]" time="0.003" /><testcase classname="tests.test_edge_cases" name="test_dst_safety" time="0.011" /><testcase classname="tests.test_edge_cases" name="test_reminder_exact_once_and_snooze" time="0.131" /><testcase classname="tests.test_edge_cases" name="test_external_change_blocks_overwrite" time="0.144" /><testcase classname="tests.test_edge_cases" name="test_recurrence_occurrences_and_conflicts" time="0.118" /><testcase classname="tests.test_edge_cases" name="test_manual_validation_and_export_formulas" time="0.134" /><testcase classname="tests.test_edge_cases" name="test_outlook_reconciliation_preserves_unresolved_recurrence" time="0.120" /><testcase classname="tests.test_edge_cases" name="test_recurring_local_time_survives_dst_and_ics" time="0.011" /><testcase classname="tests.test_ingestion" name="test_pdf" time="0.015" /><testcase classname="tests.test_ingestion" name="test_docx" time="0.135" /><testcase classname="tests.test_ingestion" name="test_transcripts" time="0.001" /><testcase classname="tests.test_ingestion" name="test_eml" time="0.002" /><testcase classname="tests.test_ingestion" name="test_chat" time="0.001" /><testcase classname="tests.test_ingestion" name="test_slack" time="0.000" /><testcase classname="tests.test_intelligence" name="test_context" time="0.001" /><testcase classname="tests.test_intelligence" name="test_change_duplicate_conflict" time="0.002" /><testcase classname="tests.test_intelligence" name="test_calendar" time="0.040" /><testcase classname="tests.test_outlook_mapping" name="test_rrule_mapping[FREQ=WEEKLY;BYDAY=MO-expected0]" time="0.001" /><testcase classname="tests.test_outlook_mapping" name="test_rrule_mapping[FREQ=WEEKLY;BYDAY=MO,TU,WE,TH,FR-expected1]" time="0.001" /><testcase classname="tests.test_outlook_mapping" name="test_rrule_mapping[FREQ=MONTHLY;BYDAY=1TU-expected2]" time="0.001" /><testcase classname="tests.test_outlook_mapping" name="test_rrule_mapping[FREQ=MONTHLY;BYMONTHDAY=5-expected3]" time="0.001" /><testcase classname="tests.test_outlook_mapping" name="test_rrule_mapping[FREQ=WEEKLY;INTERVAL=2-expected4]" time="0.001" /><testcase classname="tests.test_outlook_mapping" name="test_reject_before_write" time="0.001" /><testcase classname="tests.test_outlook_mapping" name="test_com_timeout_is_bounded" time="0.001" /><testcase classname="tests.test_store" name="test_migration_and_persistence" time="0.031" /><testcase classname="tests.test_temporal" name="test_temporal[Meeting tomorrow at 4 PM-2026-09-04T16:00]" time="0.001" /><testcase classname="tests.test_temporal" name="test_temporal[Exam October 3 at 11 AM-2026-10-03T11:00]" time="0.003" /><testcase classname="tests.test_temporal" name="test_temporal[Submit 3 October-2026-10-03T00:00]" time="0.002" /><testcase classname="tests.test_temporal" name="test_temporal[Meeting next Friday at noon-2026-09-11T12:00]" time="0.001" /><testcase classname="tests.test_temporal" name="test_temporal[Meeting in two weeks-2026-09-17T00:00]" time="0.001" /><testcase classname="tests.test_temporal" name="test_temporal[Meeting moved from Tuesday to Thursday at 4 PM-2026-09-03T16:00]" time="0.001" /><testcase classname="tests.test_temporal" name="test_temporal[Conference September 3\u20135-2026-09-03T00:00]" time="0.004" /><testcase classname="tests.test_temporal" name="test_temporal[Meeting first Monday of next month-2026-10-05T00:00]" time="0.001" /><testcase classname="tests.test_temporal" name="test_timezone" time="0.004" /><testcase classname="tests.test_temporal" name="test_ambiguity" time="0.001" /><testcase classname="tests.test_temporal" name="test_recurrence" time="0.001" /><testcase classname="tests.test_temporal" name="test_range" time="0.004" /></testsuite></testsuites>